{"E:\\TAP\\Back End\\Final_image_process\\src\\Controllers\\imageController.ts": {"path":"E:\\TAP\\Back End\\Final_image_process\\src\\Controllers\\imageController.ts","statementMap":{"0":{"start":{"line":2,"column":0},"end":{"line":2,"column":null}},"1":{"start":{"line":10,"column":0},"end":{"line":10,"column":null}},"2":{"start":{"line":15,"column":0},"end":{"line":15,"column":24}},"3":{"start":{"line":18,"column":37},"end":{"line":29,"column":null}},"4":{"start":{"line":18,"column":75},"end":{"line":29,"column":null}},"5":{"start":{"line":19,"column":4},"end":{"line":28,"column":5}},"6":{"start":{"line":20,"column":8},"end":{"line":25,"column":9}},"7":{"start":{"line":21,"column":34},"end":{"line":21,"column":68}},"8":{"start":{"line":22,"column":12},"end":{"line":22,"column":98}},"9":{"start":{"line":24,"column":12},"end":{"line":24,"column":57}},"10":{"start":{"line":27,"column":8},"end":{"line":27,"column":32}},"11":{"start":{"line":18,"column":13},"end":{"line":18,"column":37}},"12":{"start":{"line":32,"column":39},"end":{"line":44,"column":null}},"13":{"start":{"line":32,"column":77},"end":{"line":44,"column":null}},"14":{"start":{"line":33,"column":4},"end":{"line":43,"column":5}},"15":{"start":{"line":34,"column":8},"end":{"line":40,"column":9}},"16":{"start":{"line":35,"column":36},"end":{"line":35,"column":72}},"17":{"start":{"line":36,"column":33},"end":{"line":36,"column":62}},"18":{"start":{"line":37,"column":12},"end":{"line":37,"column":51}},"19":{"start":{"line":39,"column":12},"end":{"line":39,"column":57}},"20":{"start":{"line":42,"column":8},"end":{"line":42,"column":32}},"21":{"start":{"line":32,"column":13},"end":{"line":32,"column":39}},"22":{"start":{"line":47,"column":37},"end":{"line":69,"column":2}},"23":{"start":{"line":47,"column":75},"end":{"line":69,"column":2}},"24":{"start":{"line":48,"column":4},"end":{"line":68,"column":5}},"25":{"start":{"line":49,"column":34},"end":{"line":49,"column":42}},"26":{"start":{"line":52,"column":25},"end":{"line":52,"column":44}},"27":{"start":{"line":53,"column":26},"end":{"line":53,"column":46}},"28":{"start":{"line":55,"column":8},"end":{"line":57,"column":9}},"29":{"start":{"line":56,"column":12},"end":{"line":56,"column":63}},"30":{"start":{"line":59,"column":8},"end":{"line":65,"column":9}},"31":{"start":{"line":60,"column":33},"end":{"line":60,"column":88}},"32":{"start":{"line":61,"column":12},"end":{"line":61,"column":50}},"33":{"start":{"line":62,"column":12},"end":{"line":62,"column":47}},"34":{"start":{"line":64,"column":12},"end":{"line":64,"column":57}},"35":{"start":{"line":67,"column":8},"end":{"line":67,"column":32}},"36":{"start":{"line":47,"column":13},"end":{"line":47,"column":37}},"37":{"start":{"line":71,"column":35},"end":{"line":94,"column":null}},"38":{"start":{"line":71,"column":73},"end":{"line":94,"column":null}},"39":{"start":{"line":72,"column":4},"end":{"line":93,"column":5}},"40":{"start":{"line":73,"column":40},"end":{"line":73,"column":48}},"41":{"start":{"line":76,"column":25},"end":{"line":76,"column":44}},"42":{"start":{"line":77,"column":26},"end":{"line":77,"column":46}},"43":{"start":{"line":78,"column":21},"end":{"line":78,"column":36}},"44":{"start":{"line":79,"column":21},"end":{"line":79,"column":36}},"45":{"start":{"line":81,"column":8},"end":{"line":83,"column":9}},"46":{"start":{"line":82,"column":12},"end":{"line":82,"column":56}},"47":{"start":{"line":84,"column":8},"end":{"line":90,"column":9}},"48":{"start":{"line":85,"column":33},"end":{"line":85,"column":98}},"49":{"start":{"line":86,"column":33},"end":{"line":86,"column":59}},"50":{"start":{"line":87,"column":12},"end":{"line":87,"column":51}},"51":{"start":{"line":89,"column":12},"end":{"line":89,"column":57}},"52":{"start":{"line":92,"column":8},"end":{"line":92,"column":32}},"53":{"start":{"line":71,"column":13},"end":{"line":71,"column":35}},"54":{"start":{"line":97,"column":37},"end":{"line":111,"column":null}},"55":{"start":{"line":97,"column":75},"end":{"line":111,"column":null}},"56":{"start":{"line":98,"column":4},"end":{"line":110,"column":5}},"57":{"start":{"line":99,"column":31},"end":{"line":99,"column":39}},"58":{"start":{"line":100,"column":8},"end":{"line":106,"column":9}},"59":{"start":{"line":101,"column":34},"end":{"line":101,"column":80}},"60":{"start":{"line":102,"column":33},"end":{"line":102,"column":60}},"61":{"start":{"line":103,"column":12},"end":{"line":103,"column":51}},"62":{"start":{"line":105,"column":12},"end":{"line":105,"column":57}},"63":{"start":{"line":108,"column":8},"end":{"line":108,"column":32}},"64":{"start":{"line":97,"column":13},"end":{"line":97,"column":37}},"65":{"start":{"line":114,"column":40},"end":{"line":129,"column":null}},"66":{"start":{"line":114,"column":78},"end":{"line":129,"column":null}},"67":{"start":{"line":115,"column":4},"end":{"line":128,"column":5}},"68":{"start":{"line":116,"column":25},"end":{"line":116,"column":33}},"69":{"start":{"line":117,"column":8},"end":{"line":123,"column":9}},"70":{"start":{"line":118,"column":37},"end":{"line":118,"column":78}},"71":{"start":{"line":119,"column":33},"end":{"line":119,"column":63}},"72":{"start":{"line":120,"column":12},"end":{"line":120,"column":51}},"73":{"start":{"line":122,"column":12},"end":{"line":122,"column":57}},"74":{"start":{"line":126,"column":8},"end":{"line":126,"column":32}},"75":{"start":{"line":114,"column":13},"end":{"line":114,"column":40}}},"fnMap":{"0":{"name":"(anonymous_8)","decl":{"start":{"line":18,"column":37},"end":{"line":18,"column":44}},"loc":{"start":{"line":18,"column":75},"end":{"line":29,"column":null}}},"1":{"name":"(anonymous_9)","decl":{"start":{"line":18,"column":75},"end":{"line":18,"column":null}},"loc":{"start":{"line":18,"column":75},"end":{"line":29,"column":1}}},"2":{"name":"(anonymous_10)","decl":{"start":{"line":32,"column":39},"end":{"line":32,"column":46}},"loc":{"start":{"line":32,"column":77},"end":{"line":44,"column":null}}},"3":{"name":"(anonymous_11)","decl":{"start":{"line":32,"column":77},"end":{"line":32,"column":null}},"loc":{"start":{"line":32,"column":77},"end":{"line":44,"column":1}}},"4":{"name":"(anonymous_12)","decl":{"start":{"line":47,"column":37},"end":{"line":47,"column":44}},"loc":{"start":{"line":47,"column":75},"end":{"line":69,"column":2}}},"5":{"name":"(anonymous_13)","decl":{"start":{"line":47,"column":75},"end":{"line":47,"column":null}},"loc":{"start":{"line":47,"column":75},"end":{"line":69,"column":1}}},"6":{"name":"(anonymous_14)","decl":{"start":{"line":71,"column":35},"end":{"line":71,"column":42}},"loc":{"start":{"line":71,"column":73},"end":{"line":94,"column":null}}},"7":{"name":"(anonymous_15)","decl":{"start":{"line":71,"column":73},"end":{"line":71,"column":null}},"loc":{"start":{"line":71,"column":73},"end":{"line":94,"column":1}}},"8":{"name":"(anonymous_16)","decl":{"start":{"line":97,"column":37},"end":{"line":97,"column":44}},"loc":{"start":{"line":97,"column":75},"end":{"line":111,"column":null}}},"9":{"name":"(anonymous_17)","decl":{"start":{"line":97,"column":75},"end":{"line":97,"column":null}},"loc":{"start":{"line":97,"column":75},"end":{"line":111,"column":1}}},"10":{"name":"(anonymous_18)","decl":{"start":{"line":114,"column":40},"end":{"line":114,"column":47}},"loc":{"start":{"line":114,"column":78},"end":{"line":129,"column":null}}},"11":{"name":"(anonymous_19)","decl":{"start":{"line":114,"column":78},"end":{"line":114,"column":null}},"loc":{"start":{"line":114,"column":78},"end":{"line":129,"column":1}}}},"branchMap":{"0":{"loc":{"start":{"line":20,"column":8},"end":{"line":25,"column":9}},"type":"if","locations":[{"start":{"line":20,"column":8},"end":{"line":25,"column":9}},{"start":{"line":23,"column":15},"end":{"line":25,"column":9}}]},"1":{"loc":{"start":{"line":34,"column":8},"end":{"line":40,"column":9}},"type":"if","locations":[{"start":{"line":34,"column":8},"end":{"line":40,"column":9}},{"start":{"line":38,"column":15},"end":{"line":40,"column":9}}]},"2":{"loc":{"start":{"line":55,"column":8},"end":{"line":57,"column":9}},"type":"if","locations":[{"start":{"line":55,"column":8},"end":{"line":57,"column":9}}]},"3":{"loc":{"start":{"line":55,"column":12},"end":{"line":55,"column":47}},"type":"binary-expr","locations":[{"start":{"line":55,"column":12},"end":{"line":55,"column":27}},{"start":{"line":55,"column":31},"end":{"line":55,"column":47}}]},"4":{"loc":{"start":{"line":59,"column":8},"end":{"line":65,"column":9}},"type":"if","locations":[{"start":{"line":59,"column":8},"end":{"line":65,"column":9}},{"start":{"line":63,"column":15},"end":{"line":65,"column":9}}]},"5":{"loc":{"start":{"line":81,"column":8},"end":{"line":83,"column":9}},"type":"if","locations":[{"start":{"line":81,"column":8},"end":{"line":83,"column":9}}]},"6":{"loc":{"start":{"line":81,"column":12},"end":{"line":81,"column":77}},"type":"binary-expr","locations":[{"start":{"line":81,"column":12},"end":{"line":81,"column":27}},{"start":{"line":81,"column":31},"end":{"line":81,"column":47}},{"start":{"line":81,"column":51},"end":{"line":81,"column":62}},{"start":{"line":81,"column":66},"end":{"line":81,"column":77}}]},"7":{"loc":{"start":{"line":84,"column":8},"end":{"line":90,"column":9}},"type":"if","locations":[{"start":{"line":84,"column":8},"end":{"line":90,"column":9}},{"start":{"line":88,"column":15},"end":{"line":90,"column":9}}]},"8":{"loc":{"start":{"line":100,"column":8},"end":{"line":106,"column":9}},"type":"if","locations":[{"start":{"line":100,"column":8},"end":{"line":106,"column":9}},{"start":{"line":104,"column":15},"end":{"line":106,"column":9}}]},"9":{"loc":{"start":{"line":117,"column":8},"end":{"line":123,"column":9}},"type":"if","locations":[{"start":{"line":117,"column":8},"end":{"line":123,"column":9}},{"start":{"line":121,"column":15},"end":{"line":123,"column":9}}]}},"s":{"0":1,"1":1,"2":1,"3":1,"4":1,"5":1,"6":1,"7":1,"8":1,"9":0,"10":0,"11":1,"12":1,"13":1,"14":1,"15":1,"16":1,"17":1,"18":1,"19":0,"20":0,"21":1,"22":1,"23":1,"24":1,"25":1,"26":1,"27":1,"28":1,"29":0,"30":1,"31":1,"32":1,"33":1,"34":0,"35":0,"36":1,"37":1,"38":1,"39":1,"40":1,"41":1,"42":1,"43":1,"44":1,"45":1,"46":0,"47":1,"48":1,"49":1,"50":1,"51":0,"52":0,"53":1,"54":1,"55":1,"56":1,"57":1,"58":1,"59":1,"60":1,"61":1,"62":0,"63":0,"64":1,"65":1,"66":1,"67":1,"68":1,"69":1,"70":1,"71":1,"72":1,"73":0,"74":0,"75":1},"f":{"0":1,"1":1,"2":1,"3":1,"4":1,"5":1,"6":1,"7":1,"8":1,"9":1,"10":1,"11":1},"b":{"0":[1,0],"1":[1,0],"2":[0],"3":[1,1],"4":[1,0],"5":[0],"6":[1,1,1,1],"7":[1,0],"8":[1,0],"9":[1,0]}}
,"E:\\TAP\\Back End\\Final_image_process\\src\\services\\imageService.ts": {"path":"E:\\TAP\\Back End\\Final_image_process\\src\\services\\imageService.ts","statementMap":{"0":{"start":{"line":1,"column":0},"end":{"line":1,"column":26}},"1":{"start":{"line":2,"column":0},"end":{"line":2,"column":24}},"2":{"start":{"line":3,"column":0},"end":{"line":3,"column":32}},"3":{"start":{"line":4,"column":0},"end":{"line":4,"column":47}},"4":{"start":{"line":7,"column":27},"end":{"line":11,"column":null}},"5":{"start":{"line":7,"column":56},"end":{"line":11,"column":null}},"6":{"start":{"line":8,"column":23},"end":{"line":8,"column":76}},"7":{"start":{"line":9,"column":4},"end":{"line":9,"column":47}},"8":{"start":{"line":10,"column":4},"end":{"line":10,"column":22}},"9":{"start":{"line":7,"column":13},"end":{"line":7,"column":27}},"10":{"start":{"line":15,"column":27},"end":{"line":20,"column":2}},"11":{"start":{"line":15,"column":87},"end":{"line":20,"column":2}},"12":{"start":{"line":16,"column":25},"end":{"line":18,"column":19}},"13":{"start":{"line":19,"column":4},"end":{"line":19,"column":24}},"14":{"start":{"line":15,"column":13},"end":{"line":15,"column":27}},"15":{"start":{"line":24,"column":25},"end":{"line":30,"column":null}},"16":{"start":{"line":24,"column":107},"end":{"line":30,"column":null}},"17":{"start":{"line":25,"column":23},"end":{"line":25,"column":75}},"18":{"start":{"line":26,"column":4},"end":{"line":28,"column":28}},"19":{"start":{"line":29,"column":4},"end":{"line":29,"column":22}},"20":{"start":{"line":24,"column":13},"end":{"line":24,"column":25}},"21":{"start":{"line":33,"column":29},"end":{"line":37,"column":null}},"22":{"start":{"line":33,"column":58},"end":{"line":37,"column":null}},"23":{"start":{"line":34,"column":23},"end":{"line":34,"column":78}},"24":{"start":{"line":35,"column":4},"end":{"line":35,"column":47}},"25":{"start":{"line":36,"column":4},"end":{"line":36,"column":22}},"26":{"start":{"line":33,"column":13},"end":{"line":33,"column":29}},"27":{"start":{"line":41,"column":27},"end":{"line":64,"column":null}},"28":{"start":{"line":41,"column":76},"end":{"line":64,"column":null}},"29":{"start":{"line":42,"column":23},"end":{"line":42,"column":76}},"30":{"start":{"line":43,"column":16},"end":{"line":43,"column":33}},"31":{"start":{"line":45,"column":4},"end":{"line":60,"column":5}},"32":{"start":{"line":47,"column":12},"end":{"line":47,"column":38}},"33":{"start":{"line":48,"column":12},"end":{"line":48,"column":18}},"34":{"start":{"line":50,"column":12},"end":{"line":50,"column":34}},"35":{"start":{"line":51,"column":12},"end":{"line":51,"column":18}},"36":{"start":{"line":53,"column":12},"end":{"line":53,"column":36}},"37":{"start":{"line":54,"column":12},"end":{"line":54,"column":18}},"38":{"start":{"line":56,"column":12},"end":{"line":56,"column":35}},"39":{"start":{"line":57,"column":12},"end":{"line":57,"column":18}},"40":{"start":{"line":59,"column":12},"end":{"line":59,"column":55}},"41":{"start":{"line":62,"column":4},"end":{"line":62,"column":35}},"42":{"start":{"line":63,"column":4},"end":{"line":63,"column":22}},"43":{"start":{"line":41,"column":13},"end":{"line":41,"column":27}},"44":{"start":{"line":67,"column":28},"end":{"line":85,"column":2}},"45":{"start":{"line":67,"column":71},"end":{"line":85,"column":2}},"46":{"start":{"line":68,"column":23},"end":{"line":68,"column":79}},"47":{"start":{"line":69,"column":18},"end":{"line":69,"column":35}},"48":{"start":{"line":70,"column":30},"end":{"line":70,"column":52}},"49":{"start":{"line":72,"column":20},"end":{"line":75,"column":12}},"50":{"start":{"line":77,"column":19},"end":{"line":77,"column":39}},"51":{"start":{"line":79,"column":4},"end":{"line":81,"column":28}},"52":{"start":{"line":83,"column":4},"end":{"line":83,"column":22}},"53":{"start":{"line":67,"column":13},"end":{"line":67,"column":28}},"54":{"start":{"line":87,"column":32},"end":{"line":90,"column":null}},"55":{"start":{"line":87,"column":61},"end":{"line":90,"column":null}},"56":{"start":{"line":88,"column":21},"end":{"line":88,"column":55}},"57":{"start":{"line":89,"column":4},"end":{"line":89,"column":20}},"58":{"start":{"line":87,"column":13},"end":{"line":87,"column":32}}},"fnMap":{"0":{"name":"(anonymous_8)","decl":{"start":{"line":7,"column":27},"end":{"line":7,"column":34}},"loc":{"start":{"line":7,"column":56},"end":{"line":11,"column":null}}},"1":{"name":"(anonymous_9)","decl":{"start":{"line":7,"column":56},"end":{"line":7,"column":null}},"loc":{"start":{"line":7,"column":56},"end":{"line":11,"column":1}}},"2":{"name":"(anonymous_10)","decl":{"start":{"line":15,"column":27},"end":{"line":15,"column":34}},"loc":{"start":{"line":15,"column":87},"end":{"line":20,"column":2}}},"3":{"name":"(anonymous_11)","decl":{"start":{"line":15,"column":87},"end":{"line":15,"column":null}},"loc":{"start":{"line":15,"column":87},"end":{"line":20,"column":1}}},"4":{"name":"(anonymous_12)","decl":{"start":{"line":24,"column":25},"end":{"line":24,"column":32}},"loc":{"start":{"line":24,"column":107},"end":{"line":30,"column":null}}},"5":{"name":"(anonymous_13)","decl":{"start":{"line":24,"column":107},"end":{"line":24,"column":null}},"loc":{"start":{"line":24,"column":107},"end":{"line":30,"column":1}}},"6":{"name":"(anonymous_14)","decl":{"start":{"line":33,"column":29},"end":{"line":33,"column":36}},"loc":{"start":{"line":33,"column":58},"end":{"line":37,"column":null}}},"7":{"name":"(anonymous_15)","decl":{"start":{"line":33,"column":58},"end":{"line":33,"column":null}},"loc":{"start":{"line":33,"column":58},"end":{"line":37,"column":1}}},"8":{"name":"(anonymous_16)","decl":{"start":{"line":41,"column":27},"end":{"line":41,"column":34}},"loc":{"start":{"line":41,"column":76},"end":{"line":64,"column":null}}},"9":{"name":"(anonymous_17)","decl":{"start":{"line":41,"column":76},"end":{"line":41,"column":null}},"loc":{"start":{"line":41,"column":76},"end":{"line":64,"column":1}}},"10":{"name":"(anonymous_18)","decl":{"start":{"line":67,"column":28},"end":{"line":67,"column":35}},"loc":{"start":{"line":67,"column":71},"end":{"line":85,"column":2}}},"11":{"name":"(anonymous_19)","decl":{"start":{"line":67,"column":71},"end":{"line":67,"column":null}},"loc":{"start":{"line":67,"column":71},"end":{"line":85,"column":1}}},"12":{"name":"(anonymous_20)","decl":{"start":{"line":87,"column":32},"end":{"line":87,"column":39}},"loc":{"start":{"line":87,"column":61},"end":{"line":90,"column":null}}},"13":{"name":"(anonymous_21)","decl":{"start":{"line":87,"column":61},"end":{"line":87,"column":null}},"loc":{"start":{"line":87,"column":61},"end":{"line":90,"column":1}}}},"branchMap":{"0":{"loc":{"start":{"line":45,"column":4},"end":{"line":60,"column":5}},"type":"switch","locations":[{"start":{"line":46,"column":8},"end":{"line":48,"column":18}},{"start":{"line":49,"column":8},"end":{"line":51,"column":18}},{"start":{"line":52,"column":8},"end":{"line":54,"column":18}},{"start":{"line":55,"column":8},"end":{"line":57,"column":18}},{"start":{"line":58,"column":8},"end":{"line":59,"column":55}}]}},"s":{"0":2,"1":2,"2":2,"3":2,"4":2,"5":2,"6":2,"7":2,"8":2,"9":2,"10":2,"11":2,"12":2,"13":2,"14":2,"15":2,"16":2,"17":2,"18":2,"19":2,"20":2,"21":2,"22":1,"23":1,"24":1,"25":1,"26":2,"27":2,"28":2,"29":2,"30":2,"31":2,"32":2,"33":2,"34":0,"35":0,"36":0,"37":0,"38":0,"39":0,"40":0,"41":2,"42":2,"43":2,"44":2,"45":2,"46":2,"47":2,"48":2,"49":2,"50":2,"51":2,"52":2,"53":2,"54":2,"55":1,"56":1,"57":1,"58":2},"f":{"0":2,"1":2,"2":2,"3":2,"4":2,"5":2,"6":1,"7":1,"8":2,"9":2,"10":2,"11":2,"12":1,"13":1},"b":{"0":[2,0,0,0,0]}}
,"E:\\TAP\\Back End\\Final_image_process\\src\\utils\\Buffer.ts": {"path":"E:\\TAP\\Back End\\Final_image_process\\src\\utils\\Buffer.ts","statementMap":{"0":{"start":{"line":1,"column":0},"end":{"line":1,"column":20}},"1":{"start":{"line":2,"column":0},"end":{"line":2,"column":24}},"2":{"start":{"line":4,"column":30},"end":{"line":6,"column":1}},"3":{"start":{"line":5,"column":4},"end":{"line":5,"column":51}},"4":{"start":{"line":4,"column":13},"end":{"line":4,"column":30}}},"fnMap":{"0":{"name":"(anonymous_1)","decl":{"start":{"line":4,"column":30},"end":{"line":4,"column":31}},"loc":{"start":{"line":4,"column":59},"end":{"line":6,"column":1}}}},"branchMap":{},"s":{"0":2,"1":2,"2":2,"3":2,"4":2},"f":{"0":2},"b":{}}
,"E:\\TAP\\Back End\\Final_image_process\\src\\utils\\errorHandler.ts": {"path":"E:\\TAP\\Back End\\Final_image_process\\src\\utils\\errorHandler.ts","statementMap":{"0":{"start":{"line":4,"column":27},"end":{"line":7,"column":1}},"1":{"start":{"line":5,"column":4},"end":{"line":5,"column":25}},"2":{"start":{"line":6,"column":4},"end":{"line":6,"column":63}},"3":{"start":{"line":4,"column":13},"end":{"line":4,"column":27}},"4":{"start":{"line":10,"column":37},"end":{"line":13,"column":1}},"5":{"start":{"line":11,"column":4},"end":{"line":11,"column":25}},"6":{"start":{"line":12,"column":4},"end":{"line":12,"column":87}},"7":{"start":{"line":10,"column":13},"end":{"line":10,"column":37}},"8":{"start":{"line":16,"column":39},"end":{"line":19,"column":1}},"9":{"start":{"line":17,"column":4},"end":{"line":17,"column":25}},"10":{"start":{"line":18,"column":4},"end":{"line":18,"column":70}},"11":{"start":{"line":16,"column":13},"end":{"line":16,"column":39}},"12":{"start":{"line":22,"column":36},"end":{"line":25,"column":1}},"13":{"start":{"line":23,"column":4},"end":{"line":23,"column":25}},"14":{"start":{"line":24,"column":4},"end":{"line":24,"column":67}},"15":{"start":{"line":22,"column":13},"end":{"line":22,"column":36}},"16":{"start":{"line":28,"column":35},"end":{"line":31,"column":1}},"17":{"start":{"line":29,"column":4},"end":{"line":29,"column":25}},"18":{"start":{"line":30,"column":4},"end":{"line":30,"column":67}},"19":{"start":{"line":28,"column":13},"end":{"line":28,"column":35}},"20":{"start":{"line":34,"column":35},"end":{"line":37,"column":1}},"21":{"start":{"line":35,"column":4},"end":{"line":35,"column":25}},"22":{"start":{"line":36,"column":4},"end":{"line":36,"column":66}},"23":{"start":{"line":34,"column":13},"end":{"line":34,"column":35}},"24":{"start":{"line":40,"column":33},"end":{"line":43,"column":1}},"25":{"start":{"line":41,"column":4},"end":{"line":41,"column":25}},"26":{"start":{"line":42,"column":4},"end":{"line":42,"column":57}},"27":{"start":{"line":40,"column":13},"end":{"line":40,"column":33}}},"fnMap":{"0":{"name":"(anonymous_0)","decl":{"start":{"line":4,"column":27},"end":{"line":4,"column":28}},"loc":{"start":{"line":4,"column":57},"end":{"line":7,"column":1}}},"1":{"name":"(anonymous_1)","decl":{"start":{"line":10,"column":37},"end":{"line":10,"column":38}},"loc":{"start":{"line":10,"column":67},"end":{"line":13,"column":1}}},"2":{"name":"(anonymous_2)","decl":{"start":{"line":16,"column":39},"end":{"line":16,"column":40}},"loc":{"start":{"line":16,"column":69},"end":{"line":19,"column":1}}},"3":{"name":"(anonymous_3)","decl":{"start":{"line":22,"column":36},"end":{"line":22,"column":37}},"loc":{"start":{"line":22,"column":66},"end":{"line":25,"column":1}}},"4":{"name":"(anonymous_4)","decl":{"start":{"line":28,"column":35},"end":{"line":28,"column":36}},"loc":{"start":{"line":28,"column":65},"end":{"line":31,"column":1}}},"5":{"name":"(anonymous_5)","decl":{"start":{"line":34,"column":35},"end":{"line":34,"column":36}},"loc":{"start":{"line":34,"column":65},"end":{"line":37,"column":1}}},"6":{"name":"(anonymous_6)","decl":{"start":{"line":40,"column":33},"end":{"line":40,"column":34}},"loc":{"start":{"line":40,"column":96},"end":{"line":43,"column":1}}}},"branchMap":{},"s":{"0":1,"1":0,"2":0,"3":1,"4":1,"5":0,"6":0,"7":1,"8":1,"9":0,"10":0,"11":1,"12":1,"13":0,"14":0,"15":1,"16":1,"17":0,"18":0,"19":1,"20":1,"21":0,"22":0,"23":1,"24":1,"25":0,"26":0,"27":1},"f":{"0":0,"1":0,"2":0,"3":0,"4":0,"5":0,"6":0},"b":{}}
,"E:\\TAP\\Back End\\Final_image_process\\src\\utils\\outPut.ts": {"path":"E:\\TAP\\Back End\\Final_image_process\\src\\utils\\outPut.ts","statementMap":{"0":{"start":{"line":1,"column":0},"end":{"line":1,"column":20}},"1":{"start":{"line":2,"column":0},"end":{"line":2,"column":24}},"2":{"start":{"line":5,"column":13},"end":{"line":5,"column":65}},"3":{"start":{"line":6,"column":0},"end":{"line":8,"column":1}},"4":{"start":{"line":7,"column":4},"end":{"line":7,"column":31}}},"fnMap":{},"branchMap":{"0":{"loc":{"start":{"line":6,"column":0},"end":{"line":8,"column":1}},"type":"if","locations":[{"start":{"line":6,"column":0},"end":{"line":8,"column":1}}]}},"s":{"0":2,"1":2,"2":2,"3":2,"4":0},"f":{},"b":{"0":[0]}}
}
