TN:
SF:src\Controllers\imageController.ts
FN:18,(anonymous_8)
FN:18,(anonymous_9)
FN:32,(anonymous_10)
FN:32,(anonymous_11)
FN:47,(anonymous_12)
FN:47,(anonymous_13)
FN:71,(anonymous_14)
FN:71,(anonymous_15)
FN:97,(anonymous_16)
FN:97,(anonymous_17)
FN:114,(anonymous_18)
FN:114,(anonymous_19)
FNF:12
FNH:12
FNDA:1,(anonymous_8)
FNDA:1,(anonymous_9)
FNDA:1,(anonymous_10)
FNDA:1,(anonymous_11)
FNDA:1,(anonymous_12)
FNDA:1,(anonymous_13)
FNDA:1,(anonymous_14)
FNDA:1,(anonymous_15)
FNDA:1,(anonymous_16)
FNDA:1,(anonymous_17)
FNDA:1,(anonymous_18)
FNDA:1,(anonymous_19)
DA:2,1
DA:10,1
DA:15,1
DA:18,1
DA:19,1
DA:20,1
DA:21,1
DA:22,1
DA:24,0
DA:27,0
DA:32,1
DA:33,1
DA:34,1
DA:35,1
DA:36,1
DA:37,1
DA:39,0
DA:42,0
DA:47,1
DA:48,1
DA:49,1
DA:52,1
DA:53,1
DA:55,1
DA:56,0
DA:59,1
DA:60,1
DA:61,1
DA:62,1
DA:64,0
DA:67,0
DA:71,1
DA:72,1
DA:73,1
DA:76,1
DA:77,1
DA:78,1
DA:79,1
DA:81,1
DA:82,0
DA:84,1
DA:85,1
DA:86,1
DA:87,1
DA:89,0
DA:92,0
DA:97,1
DA:98,1
DA:99,1
DA:100,1
DA:101,1
DA:102,1
DA:103,1
DA:105,0
DA:108,0
DA:114,1
DA:115,1
DA:116,1
DA:117,1
DA:118,1
DA:119,1
DA:120,1
DA:122,0
DA:126,0
LF:64
LH:50
BRDA:20,0,0,1
BRDA:20,0,1,0
BRDA:34,1,0,1
BRDA:34,1,1,0
BRDA:55,2,0,0
BRDA:55,3,0,1
BRDA:55,3,1,1
BRDA:59,4,0,1
BRDA:59,4,1,0
BRDA:81,5,0,0
BRDA:81,6,0,1
BRDA:81,6,1,1
BRDA:81,6,2,1
BRDA:81,6,3,1
BRDA:84,7,0,1
BRDA:84,7,1,0
BRDA:100,8,0,1
BRDA:100,8,1,0
BRDA:117,9,0,1
BRDA:117,9,1,0
BRF:20
BRH:12
end_of_record
TN:
SF:src\services\imageService.ts
FN:7,(anonymous_8)
FN:7,(anonymous_9)
FN:15,(anonymous_10)
FN:15,(anonymous_11)
FN:24,(anonymous_12)
FN:24,(anonymous_13)
FN:33,(anonymous_14)
FN:33,(anonymous_15)
FN:41,(anonymous_16)
FN:41,(anonymous_17)
FN:67,(anonymous_18)
FN:67,(anonymous_19)
FN:87,(anonymous_20)
FN:87,(anonymous_21)
FNF:14
FNH:14
FNDA:2,(anonymous_8)
FNDA:2,(anonymous_9)
FNDA:2,(anonymous_10)
FNDA:2,(anonymous_11)
FNDA:2,(anonymous_12)
FNDA:2,(anonymous_13)
FNDA:1,(anonymous_14)
FNDA:1,(anonymous_15)
FNDA:2,(anonymous_16)
FNDA:2,(anonymous_17)
FNDA:2,(anonymous_18)
FNDA:2,(anonymous_19)
FNDA:1,(anonymous_20)
FNDA:1,(anonymous_21)
DA:1,2
DA:2,2
DA:3,2
DA:4,2
DA:7,2
DA:8,2
DA:9,2
DA:10,2
DA:15,2
DA:16,2
DA:19,2
DA:24,2
DA:25,2
DA:26,2
DA:29,2
DA:33,2
DA:34,1
DA:35,1
DA:36,1
DA:41,2
DA:42,2
DA:43,2
DA:45,2
DA:47,2
DA:48,2
DA:50,0
DA:51,0
DA:53,0
DA:54,0
DA:56,0
DA:57,0
DA:59,0
DA:62,2
DA:63,2
DA:67,2
DA:68,2
DA:69,2
DA:70,2
DA:72,2
DA:77,2
DA:79,2
DA:83,2
DA:87,2
DA:88,1
DA:89,1
LF:45
LH:38
BRDA:45,0,0,2
BRDA:45,0,1,0
BRDA:45,0,2,0
BRDA:45,0,3,0
BRDA:45,0,4,0
BRF:5
BRH:1
end_of_record
TN:
SF:src\utils\Buffer.ts
FN:4,(anonymous_1)
FNF:1
FNH:1
FNDA:2,(anonymous_1)
DA:1,2
DA:2,2
DA:4,2
DA:5,2
LF:4
LH:4
BRF:0
BRH:0
end_of_record
TN:
SF:src\utils\errorHandler.ts
FN:4,(anonymous_0)
FN:10,(anonymous_1)
FN:16,(anonymous_2)
FN:22,(anonymous_3)
FN:28,(anonymous_4)
FN:34,(anonymous_5)
FN:40,(anonymous_6)
FNF:7
FNH:0
FNDA:0,(anonymous_0)
FNDA:0,(anonymous_1)
FNDA:0,(anonymous_2)
FNDA:0,(anonymous_3)
FNDA:0,(anonymous_4)
FNDA:0,(anonymous_5)
FNDA:0,(anonymous_6)
DA:4,1
DA:5,0
DA:6,0
DA:10,1
DA:11,0
DA:12,0
DA:16,1
DA:17,0
DA:18,0
DA:22,1
DA:23,0
DA:24,0
DA:28,1
DA:29,0
DA:30,0
DA:34,1
DA:35,0
DA:36,0
DA:40,1
DA:41,0
DA:42,0
LF:21
LH:7
BRF:0
BRH:0
end_of_record
TN:
SF:src\utils\outPut.ts
FNF:0
FNH:0
DA:1,2
DA:2,2
DA:5,2
DA:6,2
DA:7,0
LF:5
LH:4
BRDA:6,0,0,0
BRF:1
BRH:0
end_of_record
