TN:
SF:src\Controllers\imageController.ts
FN:19,(anonymous_8)
FN:19,(anonymous_9)
FN:33,(anonymous_10)
FN:33,(anonymous_11)
FN:48,(anonymous_12)
FN:48,(anonymous_13)
FN:73,(anonymous_14)
FN:73,(anonymous_15)
FN:100,(anonymous_16)
FN:100,(anonymous_17)
FN:117,(anonymous_18)
FN:117,(anonymous_19)
FN:134,(anonymous_20)
FN:134,(anonymous_21)
FNF:14
FNH:12
FNDA:1,(anonymous_8)
FNDA:1,(anonymous_9)
FNDA:1,(anonymous_10)
FNDA:1,(anonymous_11)
FNDA:1,(anonymous_12)
FNDA:1,(anonymous_13)
FNDA:1,(anonymous_14)
FNDA:1,(anonymous_15)
FNDA:1,(anonymous_16)
FNDA:1,(anonymous_17)
FNDA:1,(anonymous_18)
FNDA:1,(anonymous_19)
FNDA:0,(anonymous_20)
FNDA:0,(anonymous_21)
DA:2,1
DA:11,1
DA:16,1
DA:19,1
DA:20,1
DA:21,1
DA:22,1
DA:23,1
DA:25,0
DA:28,0
DA:33,1
DA:34,1
DA:35,1
DA:36,1
DA:37,1
DA:38,1
DA:40,0
DA:43,0
DA:48,1
DA:49,1
DA:50,1
DA:53,1
DA:54,1
DA:56,1
DA:57,0
DA:60,1
DA:61,1
DA:62,1
DA:63,1
DA:65,0
DA:68,0
DA:73,1
DA:74,1
DA:75,1
DA:78,1
DA:79,1
DA:80,1
DA:81,1
DA:83,1
DA:84,0
DA:87,1
DA:88,1
DA:89,1
DA:90,1
DA:92,0
DA:95,0
DA:100,1
DA:101,1
DA:102,1
DA:104,1
DA:105,1
DA:106,1
DA:107,1
DA:109,0
DA:112,0
DA:117,1
DA:118,1
DA:119,1
DA:121,1
DA:122,1
DA:123,1
DA:124,1
DA:126,0
DA:129,0
DA:134,1
DA:135,0
DA:136,0
DA:137,0
DA:138,0
DA:140,0
LF:70
LH:51
BRDA:21,0,0,1
BRDA:21,0,1,0
BRDA:35,1,0,1
BRDA:35,1,1,0
BRDA:56,2,0,0
BRDA:56,3,0,1
BRDA:56,3,1,1
BRDA:60,4,0,1
BRDA:60,4,1,0
BRDA:83,5,0,0
BRDA:83,6,0,1
BRDA:83,6,1,1
BRDA:83,6,2,1
BRDA:83,6,3,1
BRDA:87,7,0,1
BRDA:87,7,1,0
BRDA:104,8,0,1
BRDA:104,8,1,0
BRDA:121,9,0,1
BRDA:121,9,1,0
BRF:20
BRH:12
end_of_record
TN:
SF:src\services\imageService.ts
FN:6,(anonymous_8)
FN:6,(anonymous_9)
FN:12,(anonymous_10)
FN:12,(anonymous_11)
FN:16,(anonymous_12)
FN:16,(anonymous_13)
FN:22,(anonymous_14)
FN:22,(anonymous_15)
FN:31,(anonymous_16)
FN:31,(anonymous_17)
FN:43,(anonymous_18)
FN:43,(anonymous_19)
FN:69,(anonymous_20)
FN:69,(anonymous_21)
FN:90,(anonymous_22)
FN:90,(anonymous_23)
FN:96,(anonymous_24)
FNF:17
FNH:16
FNDA:3,(anonymous_8)
FNDA:3,(anonymous_9)
FNDA:2,(anonymous_10)
FNDA:2,(anonymous_11)
FNDA:1,(anonymous_12)
FNDA:1,(anonymous_13)
FNDA:2,(anonymous_14)
FNDA:2,(anonymous_15)
FNDA:2,(anonymous_16)
FNDA:2,(anonymous_17)
FNDA:2,(anonymous_18)
FNDA:2,(anonymous_19)
FNDA:2,(anonymous_20)
FNDA:2,(anonymous_21)
FNDA:1,(anonymous_22)
FNDA:1,(anonymous_23)
FNDA:0,(anonymous_24)
DA:1,2
DA:2,2
DA:3,2
DA:4,2
DA:6,3
DA:7,3
DA:8,3
DA:9,3
DA:12,2
DA:13,2
DA:16,2
DA:17,1
DA:22,2
DA:23,2
DA:26,2
DA:31,2
DA:32,2
DA:33,2
DA:36,2
DA:43,2
DA:44,2
DA:45,2
DA:47,2
DA:49,2
DA:50,2
DA:52,0
DA:53,0
DA:55,0
DA:56,0
DA:58,0
DA:59,0
DA:61,0
DA:64,2
DA:65,2
DA:69,2
DA:70,2
DA:71,2
DA:72,2
DA:74,2
DA:79,2
DA:81,2
DA:85,2
DA:90,2
DA:91,1
DA:92,1
DA:96,2
DA:97,0
LF:47
LH:39
BRDA:47,0,0,2
BRDA:47,0,1,0
BRDA:47,0,2,0
BRDA:47,0,3,0
BRDA:47,0,4,0
BRF:5
BRH:1
end_of_record
TN:
SF:src\utils\Buffer.ts
FN:4,(anonymous_1)
FNF:1
FNH:1
FNDA:2,(anonymous_1)
DA:1,2
DA:2,2
DA:4,2
DA:5,2
LF:4
LH:4
BRF:0
BRH:0
end_of_record
TN:
SF:src\utils\errorHandler.ts
FN:4,(anonymous_0)
FN:10,(anonymous_1)
FN:16,(anonymous_2)
FN:22,(anonymous_3)
FN:28,(anonymous_4)
FN:34,(anonymous_5)
FN:40,(anonymous_6)
FNF:7
FNH:0
FNDA:0,(anonymous_0)
FNDA:0,(anonymous_1)
FNDA:0,(anonymous_2)
FNDA:0,(anonymous_3)
FNDA:0,(anonymous_4)
FNDA:0,(anonymous_5)
FNDA:0,(anonymous_6)
DA:4,1
DA:5,0
DA:6,0
DA:10,1
DA:11,0
DA:12,0
DA:16,1
DA:17,0
DA:18,0
DA:22,1
DA:23,0
DA:24,0
DA:28,1
DA:29,0
DA:30,0
DA:34,1
DA:35,0
DA:36,0
DA:40,1
DA:41,0
DA:42,0
LF:21
LH:7
BRDA:12,0,0,0
BRDA:12,0,1,0
BRDA:18,1,0,0
BRDA:18,1,1,0
BRDA:24,2,0,0
BRDA:24,2,1,0
BRDA:30,3,0,0
BRDA:30,3,1,0
BRDA:36,4,0,0
BRDA:36,4,1,0
BRDA:42,5,0,0
BRDA:42,5,1,0
BRF:12
BRH:0
end_of_record
TN:
SF:src\utils\outPut.ts
FNF:0
FNH:0
DA:1,2
DA:2,2
DA:5,2
DA:6,2
DA:7,0
LF:5
LH:4
BRDA:6,0,0,0
BRF:1
BRH:0
end_of_record
